MEDIA UPDATES LOG
==============
This file automatically records all media file updates.

[INITIAL SETUP] - Created Dynamic Media Management System on ${new Date().toLocaleString()} 
[2/27/2025, 9:55:30 AM] - Updated 5 images elements [CLIENT]
[2/27/2025, 9:55:30 AM] - Updated 1 videos elements [CLIENT]
[2/27/2025, 9:55:30 AM] - Updated 2 video preview elements [CLIENT]
[2/27/2025, 9:55:30 AM] - System initialized [CLIENT]
[2/27/2025, 9:55:31 AM] - Updated 2 video preview elements [CLIENT]
[2/27/2025, 9:55:31 AM] - System initialized [CLIENT]
[2/27/2025, 9:55:47 AM] - Updated 8 images elements [CLIENT]
[2/27/2025, 9:55:47 AM] - Updated 2 video preview elements [CLIENT]
[2/27/2025, 9:55:47 AM] - System initialized [CLIENT]
[2/27/2025, 9:55:47 AM] - Updated 2 video preview elements [CLIENT]
[2/27/2025, 9:55:47 AM] - System initialized [CLIENT]
[3/3/2025, 3:08:21 AM] - Updated 5 images elements [CLIENT]
[3/3/2025, 3:08:21 AM] - Updated 1 videos elements [CLIENT]
[3/3/2025, 3:08:21 AM] - Updated 2 video preview elements [CLIENT]
[3/3/2025, 3:08:22 AM] - Updated 5 images elements [CLIENT]
[3/3/2025, 3:08:21 AM] - System initialized [CLIENT]
[3/3/2025, 3:08:21 AM] - Updated 2 video preview elements [CLIENT]
[3/3/2025, 3:08:21 AM] - System initialized [CLIENT]
[3/3/2025, 3:08:22 AM] - Updated 1 videos elements [CLIENT]
[3/3/2025, 3:08:22 AM] - Updated 2 video preview elements [CLIENT]
[3/3/2025, 3:08:22 AM] - System initialized [CLIENT]
[3/3/2025, 3:08:22 AM] - Updated 2 video preview elements [CLIENT]
[3/3/2025, 3:08:22 AM] - System initialized [CLIENT]
[3/3/2025, 3:08:57 AM] - Updated 5 images elements [CLIENT]
[3/3/2025, 3:08:57 AM] - Updated 1 videos elements [CLIENT]
[3/3/2025, 3:08:57 AM] - Updated 2 video preview elements [CLIENT]
[3/3/2025, 3:08:57 AM] - System initialized [CLIENT]
[3/3/2025, 3:08:57 AM] - Updated 2 video preview elements [CLIENT]
[3/3/2025, 3:08:57 AM] - System initialized [CLIENT]